Authentication successful; logged in as [32mChristopher W Lindeman[0m ([34mclindeman@gatech.edu[0m)
Authentication successful; logged in as [32mChristopher W Lindeman[0m ([34mclindeman@gatech.edu[0m)
Hello Christopher W Lindeman!
('ID: 70719', 'Computational Data Analysis', '2025', 'Spring')
Skipping 'anonymous_comments' for thread 6093185 as it is not a list.
Thread 6093185 saved to /home/lindeman/isye6740/ed/threads/6093185.txt
Skipping 'anonymous_comments' for thread 6093180 as it is not a list.
Thread 6093180 saved to /home/lindeman/isye6740/ed/threads/6093180.txt
Skipping 'anonymous_comments' for thread 6093176 as it is not a list.
Thread 6093176 saved to /home/lindeman/isye6740/ed/threads/6093176.txt
Skipping 'anonymous_comments' for thread 6093172 as it is not a list.
Thread 6093172 saved to /home/lindeman/isye6740/ed/threads/6093172.txt
Skipping 'anonymous_comments' for thread 6037655 as it is not a list.
Thread 6037655 saved to /home/lindeman/isye6740/ed/threads/6037655.txt
Skipping 'anonymous_comments' for thread 6016871 as it is not a list.
Thread 6016871 saved to /home/lindeman/isye6740/ed/threads/6016871.txt
Skipping 'anonymous_comments' for thread 6016865 as it is not a list.
Thread 6016865 saved to /home/lindeman/isye6740/ed/threads/6016865.txt
Skipping 'anonymous_comments' for thread 6016861 as it is not a list.
Thread 6016861 saved to /home/lindeman/isye6740/ed/threads/6016861.txt
Skipping 'anonymous_comments' for thread 5996589 as it is not a list.
Thread 5996589 saved to /home/lindeman/isye6740/ed/threads/5996589.txt
Skipping 'anonymous_comments' for thread 5996578 as it is not a list.
Thread 5996578 saved to /home/lindeman/isye6740/ed/threads/5996578.txt
Skipping 'anonymous_comments' for thread 5996564 as it is not a list.
Thread 5996564 saved to /home/lindeman/isye6740/ed/threads/5996564.txt
Skipping 'anonymous_comments' for thread 5996560 as it is not a list.
Thread 5996560 saved to /home/lindeman/isye6740/ed/threads/5996560.txt
Skipping 'anonymous_comments' for thread 5996558 as it is not a list.
Thread 5996558 saved to /home/lindeman/isye6740/ed/threads/5996558.txt
Skipping 'anonymous_comments' for thread 5996551 as it is not a list.
Thread 5996551 saved to /home/lindeman/isye6740/ed/threads/5996551.txt
Skipping 'anonymous_comments' for thread 5996547 as it is not a list.
Thread 5996547 saved to /home/lindeman/isye6740/ed/threads/5996547.txt
Skipping 'anonymous_comments' for thread 5986598 as it is not a list.
Thread 5986598 saved to /home/lindeman/isye6740/ed/threads/5986598.txt
Skipping 'anonymous_comments' for thread 5952672 as it is not a list.
Thread 5952672 saved to /home/lindeman/isye6740/ed/threads/5952672.txt
Skipping 'anonymous_comments' for thread 5951226 as it is not a list.
Thread 5951226 saved to /home/lindeman/isye6740/ed/threads/5951226.txt
Skipping 'anonymous_comments' for thread 5950315 as it is not a list.
Thread 5950315 saved to /home/lindeman/isye6740/ed/threads/5950315.txt
Skipping 'anonymous_comments' for thread 5947056 as it is not a list.
Thread 5947056 saved to /home/lindeman/isye6740/ed/threads/5947056.txt
Skipping 'anonymous_comments' for thread 5941356 as it is not a list.
Thread 5941356 saved to /home/lindeman/isye6740/ed/threads/5941356.txt
Skipping 'anonymous_comments' for thread 5941355 as it is not a list.
Thread 5941355 saved to /home/lindeman/isye6740/ed/threads/5941355.txt
Skipping 'anonymous_comments' for thread 5941354 as it is not a list.
Thread 5941354 saved to /home/lindeman/isye6740/ed/threads/5941354.txt
Skipping 'anonymous_comments' for thread 5941353 as it is not a list.
Thread 5941353 saved to /home/lindeman/isye6740/ed/threads/5941353.txt
Skipping 'anonymous_comments' for thread 5941352 as it is not a list.
Thread 5941352 saved to /home/lindeman/isye6740/ed/threads/5941352.txt
Skipping 'anonymous_comments' for thread 5940882 as it is not a list.
Thread 5940882 saved to /home/lindeman/isye6740/ed/threads/5940882.txt
Skipping 'anonymous_comments' for thread 5940879 as it is not a list.
Thread 5940879 saved to /home/lindeman/isye6740/ed/threads/5940879.txt
Skipping 'anonymous_comments' for thread 5940878 as it is not a list.
Thread 5940878 saved to /home/lindeman/isye6740/ed/threads/5940878.txt
Skipping 'anonymous_comments' for thread 5940877 as it is not a list.
Thread 5940877 saved to /home/lindeman/isye6740/ed/threads/5940877.txt
Skipping 'anonymous_comments' for thread 5940876 as it is not a list.
Thread 5940876 saved to /home/lindeman/isye6740/ed/threads/5940876.txt
Skipping 'anonymous_comments' for thread 5940875 as it is not a list.
Thread 5940875 saved to /home/lindeman/isye6740/ed/threads/5940875.txt
Skipping 'anonymous_comments' for thread 5940873 as it is not a list.
Thread 5940873 saved to /home/lindeman/isye6740/ed/threads/5940873.txt
Skipping 'anonymous_comments' for thread 5939997 as it is not a list.
Thread 5939997 saved to /home/lindeman/isye6740/ed/threads/5939997.txt
Skipping 'anonymous_comments' for thread 6093530 as it is not a list.
Thread 6093530 saved to /home/lindeman/isye6740/ed/threads/6093530.txt
Skipping 'anonymous_comments' for thread 6092009 as it is not a list.
Thread 6092009 saved to /home/lindeman/isye6740/ed/threads/6092009.txt
Skipping 'anonymous_comments' for thread 6091955 as it is not a list.
Thread 6091955 saved to /home/lindeman/isye6740/ed/threads/6091955.txt
Skipping 'anonymous_comments' for thread 6090791 as it is not a list.
Thread 6090791 saved to /home/lindeman/isye6740/ed/threads/6090791.txt
Skipping 'anonymous_comments' for thread 6090221 as it is not a list.
Thread 6090221 saved to /home/lindeman/isye6740/ed/threads/6090221.txt
Skipping 'anonymous_comments' for thread 6089224 as it is not a list.
Thread 6089224 saved to /home/lindeman/isye6740/ed/threads/6089224.txt
Skipping 'anonymous_comments' for thread 6088250 as it is not a list.
Thread 6088250 saved to /home/lindeman/isye6740/ed/threads/6088250.txt
Skipping 'anonymous_comments' for thread 6084144 as it is not a list.
Thread 6084144 saved to /home/lindeman/isye6740/ed/threads/6084144.txt
Skipping 'anonymous_comments' for thread 6082740 as it is not a list.
Thread 6082740 saved to /home/lindeman/isye6740/ed/threads/6082740.txt
Skipping 'anonymous_comments' for thread 6081042 as it is not a list.
Thread 6081042 saved to /home/lindeman/isye6740/ed/threads/6081042.txt
Skipping 'anonymous_comments' for thread 6080163 as it is not a list.
Thread 6080163 saved to /home/lindeman/isye6740/ed/threads/6080163.txt
Skipping 'anonymous_comments' for thread 6080157 as it is not a list.
Thread 6080157 saved to /home/lindeman/isye6740/ed/threads/6080157.txt
Skipping 'anonymous_comments' for thread 6080018 as it is not a list.
Thread 6080018 saved to /home/lindeman/isye6740/ed/threads/6080018.txt
Skipping 'anonymous_comments' for thread 6079472 as it is not a list.
Thread 6079472 saved to /home/lindeman/isye6740/ed/threads/6079472.txt
Skipping 'anonymous_comments' for thread 6079317 as it is not a list.
Thread 6079317 saved to /home/lindeman/isye6740/ed/threads/6079317.txt
Skipping 'anonymous_comments' for thread 6079079 as it is not a list.
Thread 6079079 saved to /home/lindeman/isye6740/ed/threads/6079079.txt
Skipping 'anonymous_comments' for thread 6078514 as it is not a list.
Thread 6078514 saved to /home/lindeman/isye6740/ed/threads/6078514.txt
Skipping 'anonymous_comments' for thread 6077046 as it is not a list.
Thread 6077046 saved to /home/lindeman/isye6740/ed/threads/6077046.txt
Skipping 'anonymous_comments' for thread 6075407 as it is not a list.
Thread 6075407 saved to /home/lindeman/isye6740/ed/threads/6075407.txt
Skipping 'anonymous_comments' for thread 6067777 as it is not a list.
Thread 6067777 saved to /home/lindeman/isye6740/ed/threads/6067777.txt
Skipping 'anonymous_comments' for thread 6065379 as it is not a list.
Thread 6065379 saved to /home/lindeman/isye6740/ed/threads/6065379.txt
Skipping 'anonymous_comments' for thread 6057884 as it is not a list.
Thread 6057884 saved to /home/lindeman/isye6740/ed/threads/6057884.txt
Skipping 'anonymous_comments' for thread 6056952 as it is not a list.
Thread 6056952 saved to /home/lindeman/isye6740/ed/threads/6056952.txt
Skipping 'anonymous_comments' for thread 6053362 as it is not a list.
Thread 6053362 saved to /home/lindeman/isye6740/ed/threads/6053362.txt
Skipping 'anonymous_comments' for thread 6053124 as it is not a list.
Thread 6053124 saved to /home/lindeman/isye6740/ed/threads/6053124.txt
Skipping 'anonymous_comments' for thread 6052183 as it is not a list.
Thread 6052183 saved to /home/lindeman/isye6740/ed/threads/6052183.txt
Skipping 'anonymous_comments' for thread 6050452 as it is not a list.
Thread 6050452 saved to /home/lindeman/isye6740/ed/threads/6050452.txt
Skipping 'anonymous_comments' for thread 6048303 as it is not a list.
Thread 6048303 saved to /home/lindeman/isye6740/ed/threads/6048303.txt
Skipping 'anonymous_comments' for thread 6046409 as it is not a list.
Thread 6046409 saved to /home/lindeman/isye6740/ed/threads/6046409.txt
Skipping 'anonymous_comments' for thread 6044707 as it is not a list.
Thread 6044707 saved to /home/lindeman/isye6740/ed/threads/6044707.txt
Skipping 'anonymous_comments' for thread 6039615 as it is not a list.
Thread 6039615 saved to /home/lindeman/isye6740/ed/threads/6039615.txt
Skipping 'anonymous_comments' for thread 6038708 as it is not a list.
Thread 6038708 saved to /home/lindeman/isye6740/ed/threads/6038708.txt
Skipping 'anonymous_comments' for thread 6036778 as it is not a list.
Thread 6036778 saved to /home/lindeman/isye6740/ed/threads/6036778.txt
Skipping 'anonymous_comments' for thread 6036571 as it is not a list.
Thread 6036571 saved to /home/lindeman/isye6740/ed/threads/6036571.txt
Skipping 'anonymous_comments' for thread 6034710 as it is not a list.
Thread 6034710 saved to /home/lindeman/isye6740/ed/threads/6034710.txt
Skipping 'anonymous_comments' for thread 6032252 as it is not a list.
Thread 6032252 saved to /home/lindeman/isye6740/ed/threads/6032252.txt
Skipping 'anonymous_comments' for thread 6030739 as it is not a list.
Thread 6030739 saved to /home/lindeman/isye6740/ed/threads/6030739.txt
Skipping 'anonymous_comments' for thread 6029459 as it is not a list.
Thread 6029459 saved to /home/lindeman/isye6740/ed/threads/6029459.txt
Skipping 'anonymous_comments' for thread 6028869 as it is not a list.
Thread 6028869 saved to /home/lindeman/isye6740/ed/threads/6028869.txt
Skipping 'anonymous_comments' for thread 6027208 as it is not a list.
Thread 6027208 saved to /home/lindeman/isye6740/ed/threads/6027208.txt
Skipping 'anonymous_comments' for thread 6026244 as it is not a list.
Thread 6026244 saved to /home/lindeman/isye6740/ed/threads/6026244.txt
Skipping 'anonymous_comments' for thread 6025949 as it is not a list.
Thread 6025949 saved to /home/lindeman/isye6740/ed/threads/6025949.txt
Skipping 'anonymous_comments' for thread 6024567 as it is not a list.
Thread 6024567 saved to /home/lindeman/isye6740/ed/threads/6024567.txt
Skipping 'anonymous_comments' for thread 6023465 as it is not a list.
Thread 6023465 saved to /home/lindeman/isye6740/ed/threads/6023465.txt
Skipping 'anonymous_comments' for thread 6023014 as it is not a list.
Thread 6023014 saved to /home/lindeman/isye6740/ed/threads/6023014.txt
Skipping 'anonymous_comments' for thread 6022694 as it is not a list.
Thread 6022694 saved to /home/lindeman/isye6740/ed/threads/6022694.txt
Skipping 'anonymous_comments' for thread 6021218 as it is not a list.
Thread 6021218 saved to /home/lindeman/isye6740/ed/threads/6021218.txt
Skipping 'anonymous_comments' for thread 6020107 as it is not a list.
Thread 6020107 saved to /home/lindeman/isye6740/ed/threads/6020107.txt
Skipping 'anonymous_comments' for thread 6012607 as it is not a list.
Thread 6012607 saved to /home/lindeman/isye6740/ed/threads/6012607.txt
Skipping 'anonymous_comments' for thread 6008815 as it is not a list.
Thread 6008815 saved to /home/lindeman/isye6740/ed/threads/6008815.txt
Skipping 'anonymous_comments' for thread 6007217 as it is not a list.
Thread 6007217 saved to /home/lindeman/isye6740/ed/threads/6007217.txt
Skipping 'anonymous_comments' for thread 6006413 as it is not a list.
Thread 6006413 saved to /home/lindeman/isye6740/ed/threads/6006413.txt
Skipping 'anonymous_comments' for thread 6006398 as it is not a list.
Thread 6006398 saved to /home/lindeman/isye6740/ed/threads/6006398.txt
Skipping 'anonymous_comments' for thread 6005999 as it is not a list.
Thread 6005999 saved to /home/lindeman/isye6740/ed/threads/6005999.txt
Skipping 'anonymous_comments' for thread 6003537 as it is not a list.
Thread 6003537 saved to /home/lindeman/isye6740/ed/threads/6003537.txt
Skipping 'anonymous_comments' for thread 6003115 as it is not a list.
Thread 6003115 saved to /home/lindeman/isye6740/ed/threads/6003115.txt
Skipping 'anonymous_comments' for thread 6001472 as it is not a list.
Thread 6001472 saved to /home/lindeman/isye6740/ed/threads/6001472.txt
Skipping 'anonymous_comments' for thread 5999990 as it is not a list.
Thread 5999990 saved to /home/lindeman/isye6740/ed/threads/5999990.txt
Skipping 'anonymous_comments' for thread 5999784 as it is not a list.
Thread 5999784 saved to /home/lindeman/isye6740/ed/threads/5999784.txt
Skipping 'anonymous_comments' for thread 5999739 as it is not a list.
Thread 5999739 saved to /home/lindeman/isye6740/ed/threads/5999739.txt
Skipping 'anonymous_comments' for thread 5999676 as it is not a list.
Thread 5999676 saved to /home/lindeman/isye6740/ed/threads/5999676.txt
Skipping 'anonymous_comments' for thread 5999372 as it is not a list.
Thread 5999372 saved to /home/lindeman/isye6740/ed/threads/5999372.txt
Skipping 'anonymous_comments' for thread 5998000 as it is not a list.
Thread 5998000 saved to /home/lindeman/isye6740/ed/threads/5998000.txt
Skipping 'anonymous_comments' for thread 5996842 as it is not a list.
Thread 5996842 saved to /home/lindeman/isye6740/ed/threads/5996842.txt
Skipping 'anonymous_comments' for thread 5996524 as it is not a list.
Thread 5996524 saved to /home/lindeman/isye6740/ed/threads/5996524.txt
Skipping 'anonymous_comments' for thread 5995708 as it is not a list.
Thread 5995708 saved to /home/lindeman/isye6740/ed/threads/5995708.txt
Skipping 'anonymous_comments' for thread 5994981 as it is not a list.
Thread 5994981 saved to /home/lindeman/isye6740/ed/threads/5994981.txt
